12-Oct-2021 21:09:02.369 INFORMAÇÕES [main] org.apache.catalina.startup.VersionLoggerListener.log Server version name:   Apache Tomcat/8.5.70
12-Oct-2021 21:09:02.376 INFORMAÇÕES [main] org.apache.catalina.startup.VersionLoggerListener.log Server built:          Aug 9 2021 16:17:14 UTC
12-Oct-2021 21:09:02.376 INFORMAÇÕES [main] org.apache.catalina.startup.VersionLoggerListener.log Server version number: 8.5.70.0
12-Oct-2021 21:09:02.377 INFORMAÇÕES [main] org.apache.catalina.startup.VersionLoggerListener.log OS Name:               Linux
12-Oct-2021 21:09:02.377 INFORMAÇÕES [main] org.apache.catalina.startup.VersionLoggerListener.log OS Version:            5.11.0-38-generic
12-Oct-2021 21:09:02.377 INFORMAÇÕES [main] org.apache.catalina.startup.VersionLoggerListener.log Architecture:          amd64
12-Oct-2021 21:09:02.377 INFORMAÇÕES [main] org.apache.catalina.startup.VersionLoggerListener.log Java Home:             /usr/local/jdk1.8.0_111/jre
12-Oct-2021 21:09:02.378 INFORMAÇÕES [main] org.apache.catalina.startup.VersionLoggerListener.log JVM Version:           1.8.0_111-b14
12-Oct-2021 21:09:02.378 INFORMAÇÕES [main] org.apache.catalina.startup.VersionLoggerListener.log JVM Vendor:            Oracle Corporation
12-Oct-2021 21:09:02.378 INFORMAÇÕES [main] org.apache.catalina.startup.VersionLoggerListener.log CATALINA_BASE:         /home/rafael/NetBeansProjects/apache-tomcat-8.5.70
12-Oct-2021 21:09:02.378 INFORMAÇÕES [main] org.apache.catalina.startup.VersionLoggerListener.log CATALINA_HOME:         /home/rafael/NetBeansProjects/apache-tomcat-8.5.70
12-Oct-2021 21:09:02.379 INFORMAÇÕES [main] org.apache.catalina.startup.VersionLoggerListener.log Command line argument: -Djava.util.logging.config.file=/home/rafael/NetBeansProjects/apache-tomcat-8.5.70/conf/logging.properties
12-Oct-2021 21:09:02.379 INFORMAÇÕES [main] org.apache.catalina.startup.VersionLoggerListener.log Command line argument: -Djava.util.logging.manager=org.apache.juli.ClassLoaderLogManager
12-Oct-2021 21:09:02.380 INFORMAÇÕES [main] org.apache.catalina.startup.VersionLoggerListener.log Command line argument: -Dhttp.nonProxyHosts=localhost|127.0.0.1|rafael-Aspire-E5-571
12-Oct-2021 21:09:02.381 INFORMAÇÕES [main] org.apache.catalina.startup.VersionLoggerListener.log Command line argument: -Djdk.tls.ephemeralDHKeySize=2048
12-Oct-2021 21:09:02.382 INFORMAÇÕES [main] org.apache.catalina.startup.VersionLoggerListener.log Command line argument: -Djava.protocol.handler.pkgs=org.apache.catalina.webresources
12-Oct-2021 21:09:02.382 INFORMAÇÕES [main] org.apache.catalina.startup.VersionLoggerListener.log Command line argument: -Dorg.apache.catalina.security.SecurityListener.UMASK=0027
12-Oct-2021 21:09:02.403 INFORMAÇÕES [main] org.apache.catalina.startup.VersionLoggerListener.log Command line argument: -Dignore.endorsed.dirs=
12-Oct-2021 21:09:02.404 INFORMAÇÕES [main] org.apache.catalina.startup.VersionLoggerListener.log Command line argument: -Dcatalina.base=/home/rafael/NetBeansProjects/apache-tomcat-8.5.70
12-Oct-2021 21:09:02.404 INFORMAÇÕES [main] org.apache.catalina.startup.VersionLoggerListener.log Command line argument: -Dcatalina.home=/home/rafael/NetBeansProjects/apache-tomcat-8.5.70
12-Oct-2021 21:09:02.410 INFORMAÇÕES [main] org.apache.catalina.startup.VersionLoggerListener.log Command line argument: -Djava.io.tmpdir=/home/rafael/NetBeansProjects/apache-tomcat-8.5.70/temp
12-Oct-2021 21:09:02.411 INFORMAÇÕES [main] org.apache.catalina.core.AprLifecycleListener.lifecycleEvent The Apache Tomcat Native library which allows using OpenSSL was not found on the java.library.path: [/usr/local/jdk1.8.0_111/jre/lib/amd64:/usr/local/jdk1.8.0_111/jre/lib/i386::/usr/java/packages/lib/amd64:/usr/lib64:/lib64:/lib:/usr/lib]
12-Oct-2021 21:09:03.182 INFORMAÇÕES [main] org.apache.coyote.AbstractProtocol.init Initializing ProtocolHandler ["http-nio-8080"]
12-Oct-2021 21:09:03.306 INFORMAÇÕES [main] org.apache.tomcat.util.net.NioSelectorPool.getSharedSelector Using a shared selector for servlet write/read
12-Oct-2021 21:09:03.383 INFORMAÇÕES [main] org.apache.catalina.startup.Catalina.load Initialization processed in 3966 ms
12-Oct-2021 21:09:03.583 INFORMAÇÕES [main] org.apache.catalina.core.StandardService.startInternal Starting service [Catalina]
12-Oct-2021 21:09:03.584 INFORMAÇÕES [main] org.apache.catalina.core.StandardEngine.startInternal Starting Servlet engine: [Apache Tomcat/8.5.70]
12-Oct-2021 21:09:03.637 INFORMAÇÕES [localhost-startStop-1] org.apache.catalina.startup.HostConfig.deployDescriptor Deploying deployment descriptor [/home/rafael/NetBeansProjects/apache-tomcat-8.5.70/conf/Catalina/localhost/ProjetoBiblioteca.xml]
12-Oct-2021 21:09:04.491 INFORMAÇÕES [localhost-startStop-1] org.apache.jasper.servlet.TldScanner.scanJars At least one JAR was scanned for TLDs yet contained no TLDs. Enable debug logging for this logger for a complete list of JARs that were scanned but no TLDs were found in them. Skipping unneeded JARs during scanning can improve startup time and JSP compilation time.
12-Oct-2021 21:09:04.914 INFORMAÇÕES [localhost-startStop-1] org.apache.catalina.startup.HostConfig.deployDescriptor Deployment of deployment descriptor [/home/rafael/NetBeansProjects/apache-tomcat-8.5.70/conf/Catalina/localhost/ProjetoBiblioteca.xml] has finished in [1,276] ms
12-Oct-2021 21:09:04.914 INFORMAÇÕES [localhost-startStop-1] org.apache.catalina.startup.HostConfig.deployDescriptor Deploying deployment descriptor [/home/rafael/NetBeansProjects/apache-tomcat-8.5.70/conf/Catalina/localhost/JavaAvancado.xml]
12-Oct-2021 21:09:05.149 INFORMAÇÕES [localhost-startStop-1] org.apache.catalina.startup.HostConfig.deployDescriptor Deployment of deployment descriptor [/home/rafael/NetBeansProjects/apache-tomcat-8.5.70/conf/Catalina/localhost/JavaAvancado.xml] has finished in [235] ms
12-Oct-2021 21:09:05.151 INFORMAÇÕES [localhost-startStop-1] org.apache.catalina.startup.HostConfig.deployDirectory Deploying web application directory [/home/rafael/NetBeansProjects/apache-tomcat-8.5.70/webapps/host-manager]
12-Oct-2021 21:09:05.249 INFORMAÇÕES [localhost-startStop-1] org.apache.catalina.startup.HostConfig.deployDirectory Deployment of web application directory [/home/rafael/NetBeansProjects/apache-tomcat-8.5.70/webapps/host-manager] has finished in [98] ms
12-Oct-2021 21:09:05.249 INFORMAÇÕES [localhost-startStop-1] org.apache.catalina.startup.HostConfig.deployDirectory Deploying web application directory [/home/rafael/NetBeansProjects/apache-tomcat-8.5.70/webapps/manager]
12-Oct-2021 21:09:05.288 INFORMAÇÕES [localhost-startStop-1] org.apache.catalina.startup.HostConfig.deployDirectory Deployment of web application directory [/home/rafael/NetBeansProjects/apache-tomcat-8.5.70/webapps/manager] has finished in [38] ms
12-Oct-2021 21:09:05.288 INFORMAÇÕES [localhost-startStop-1] org.apache.catalina.startup.HostConfig.deployDirectory Deploying web application directory [/home/rafael/NetBeansProjects/apache-tomcat-8.5.70/webapps/ROOT]
12-Oct-2021 21:09:05.337 INFORMAÇÕES [localhost-startStop-1] org.apache.catalina.startup.HostConfig.deployDirectory Deployment of web application directory [/home/rafael/NetBeansProjects/apache-tomcat-8.5.70/webapps/ROOT] has finished in [49] ms
12-Oct-2021 21:09:05.338 INFORMAÇÕES [localhost-startStop-1] org.apache.catalina.startup.HostConfig.deployDirectory Deploying web application directory [/home/rafael/NetBeansProjects/apache-tomcat-8.5.70/webapps/examples]
12-Oct-2021 21:09:06.167 INFORMAÇÕES [localhost-startStop-1] org.apache.catalina.startup.HostConfig.deployDirectory Deployment of web application directory [/home/rafael/NetBeansProjects/apache-tomcat-8.5.70/webapps/examples] has finished in [830] ms
12-Oct-2021 21:09:06.167 INFORMAÇÕES [localhost-startStop-1] org.apache.catalina.startup.HostConfig.deployDirectory Deploying web application directory [/home/rafael/NetBeansProjects/apache-tomcat-8.5.70/webapps/docs]
12-Oct-2021 21:09:06.243 INFORMAÇÕES [localhost-startStop-1] org.apache.catalina.startup.HostConfig.deployDirectory Deployment of web application directory [/home/rafael/NetBeansProjects/apache-tomcat-8.5.70/webapps/docs] has finished in [68] ms
12-Oct-2021 21:09:06.256 INFORMAÇÕES [main] org.apache.coyote.AbstractProtocol.start Starting ProtocolHandler ["http-nio-8080"]
12-Oct-2021 21:09:06.294 INFORMAÇÕES [main] org.apache.catalina.startup.Catalina.start Server startup in 2909 ms
12-Oct-2021 21:48:17.610 INFORMAÇÕES [Thread-4] org.apache.coyote.AbstractProtocol.pause Pausing ProtocolHandler ["http-nio-8080"]
12-Oct-2021 21:48:17.623 INFORMAÇÕES [Thread-4] org.apache.catalina.core.StandardService.stopInternal Stopping service [Catalina]
12-Oct-2021 21:48:18.437 INFORMAÇÕES [Thread-4] org.apache.coyote.AbstractProtocol.stop Stopping ProtocolHandler ["http-nio-8080"]
12-Oct-2021 21:48:18.442 INFORMAÇÕES [Thread-4] org.apache.coyote.AbstractProtocol.destroy Destroying ProtocolHandler ["http-nio-8080"]
