07-Oct-2021 20:01:44.864 INFORMAÇÕES [main] org.apache.catalina.startup.VersionLoggerListener.log Server version name:   Apache Tomcat/8.5.70
07-Oct-2021 20:01:44.870 INFORMAÇÕES [main] org.apache.catalina.startup.VersionLoggerListener.log Server built:          Aug 9 2021 16:17:14 UTC
07-Oct-2021 20:01:44.871 INFORMAÇÕES [main] org.apache.catalina.startup.VersionLoggerListener.log Server version number: 8.5.70.0
07-Oct-2021 20:01:44.871 INFORMAÇÕES [main] org.apache.catalina.startup.VersionLoggerListener.log OS Name:               Linux
07-Oct-2021 20:01:44.872 INFORMAÇÕES [main] org.apache.catalina.startup.VersionLoggerListener.log OS Version:            5.11.0-37-generic
07-Oct-2021 20:01:44.872 INFORMAÇÕES [main] org.apache.catalina.startup.VersionLoggerListener.log Architecture:          amd64
07-Oct-2021 20:01:44.873 INFORMAÇÕES [main] org.apache.catalina.startup.VersionLoggerListener.log Java Home:             /usr/local/jdk1.8.0_111/jre
07-Oct-2021 20:01:44.873 INFORMAÇÕES [main] org.apache.catalina.startup.VersionLoggerListener.log JVM Version:           1.8.0_111-b14
07-Oct-2021 20:01:44.874 INFORMAÇÕES [main] org.apache.catalina.startup.VersionLoggerListener.log JVM Vendor:            Oracle Corporation
07-Oct-2021 20:01:44.874 INFORMAÇÕES [main] org.apache.catalina.startup.VersionLoggerListener.log CATALINA_BASE:         /home/rafael/NetBeansProjects/apache-tomcat-8.5.70
07-Oct-2021 20:01:44.875 INFORMAÇÕES [main] org.apache.catalina.startup.VersionLoggerListener.log CATALINA_HOME:         /home/rafael/NetBeansProjects/apache-tomcat-8.5.70
07-Oct-2021 20:01:44.877 INFORMAÇÕES [main] org.apache.catalina.startup.VersionLoggerListener.log Command line argument: -Djava.util.logging.config.file=/home/rafael/NetBeansProjects/apache-tomcat-8.5.70/conf/logging.properties
07-Oct-2021 20:01:44.878 INFORMAÇÕES [main] org.apache.catalina.startup.VersionLoggerListener.log Command line argument: -Djava.util.logging.manager=org.apache.juli.ClassLoaderLogManager
07-Oct-2021 20:01:44.879 INFORMAÇÕES [main] org.apache.catalina.startup.VersionLoggerListener.log Command line argument: -Dhttp.nonProxyHosts=localhost|127.0.0.1|rafael-Aspire-E5-571
07-Oct-2021 20:01:44.879 INFORMAÇÕES [main] org.apache.catalina.startup.VersionLoggerListener.log Command line argument: -Djdk.tls.ephemeralDHKeySize=2048
07-Oct-2021 20:01:44.880 INFORMAÇÕES [main] org.apache.catalina.startup.VersionLoggerListener.log Command line argument: -Djava.protocol.handler.pkgs=org.apache.catalina.webresources
07-Oct-2021 20:01:44.880 INFORMAÇÕES [main] org.apache.catalina.startup.VersionLoggerListener.log Command line argument: -Dorg.apache.catalina.security.SecurityListener.UMASK=0027
07-Oct-2021 20:01:44.882 INFORMAÇÕES [main] org.apache.catalina.startup.VersionLoggerListener.log Command line argument: -Dignore.endorsed.dirs=
07-Oct-2021 20:01:44.883 INFORMAÇÕES [main] org.apache.catalina.startup.VersionLoggerListener.log Command line argument: -Dcatalina.base=/home/rafael/NetBeansProjects/apache-tomcat-8.5.70
07-Oct-2021 20:01:44.883 INFORMAÇÕES [main] org.apache.catalina.startup.VersionLoggerListener.log Command line argument: -Dcatalina.home=/home/rafael/NetBeansProjects/apache-tomcat-8.5.70
07-Oct-2021 20:01:44.886 INFORMAÇÕES [main] org.apache.catalina.startup.VersionLoggerListener.log Command line argument: -Djava.io.tmpdir=/home/rafael/NetBeansProjects/apache-tomcat-8.5.70/temp
07-Oct-2021 20:01:44.886 INFORMAÇÕES [main] org.apache.catalina.core.AprLifecycleListener.lifecycleEvent The Apache Tomcat Native library which allows using OpenSSL was not found on the java.library.path: [/usr/local/jdk1.8.0_111/jre/lib/amd64:/usr/local/jdk1.8.0_111/jre/lib/i386::/usr/java/packages/lib/amd64:/usr/lib64:/lib64:/lib:/usr/lib]
07-Oct-2021 20:01:46.055 INFORMAÇÕES [main] org.apache.coyote.AbstractProtocol.init Initializing ProtocolHandler ["http-nio-8080"]
07-Oct-2021 20:01:46.203 INFORMAÇÕES [main] org.apache.tomcat.util.net.NioSelectorPool.getSharedSelector Using a shared selector for servlet write/read
07-Oct-2021 20:01:46.282 INFORMAÇÕES [main] org.apache.catalina.startup.Catalina.load Initialization processed in 3893 ms
07-Oct-2021 20:01:46.606 INFORMAÇÕES [main] org.apache.catalina.core.StandardService.startInternal Starting service [Catalina]
07-Oct-2021 20:01:46.607 INFORMAÇÕES [main] org.apache.catalina.core.StandardEngine.startInternal Starting Servlet engine: [Apache Tomcat/8.5.70]
07-Oct-2021 20:01:46.651 INFORMAÇÕES [localhost-startStop-1] org.apache.catalina.startup.HostConfig.deployDescriptor Deploying deployment descriptor [/home/rafael/NetBeansProjects/apache-tomcat-8.5.70/conf/Catalina/localhost/ProjetoBiblioteca.xml]
07-Oct-2021 20:01:47.364 INFORMAÇÕES [localhost-startStop-1] org.apache.jasper.servlet.TldScanner.scanJars At least one JAR was scanned for TLDs yet contained no TLDs. Enable debug logging for this logger for a complete list of JARs that were scanned but no TLDs were found in them. Skipping unneeded JARs during scanning can improve startup time and JSP compilation time.
07-Oct-2021 20:01:47.698 INFORMAÇÕES [localhost-startStop-1] org.apache.catalina.startup.HostConfig.deployDescriptor Deployment of deployment descriptor [/home/rafael/NetBeansProjects/apache-tomcat-8.5.70/conf/Catalina/localhost/ProjetoBiblioteca.xml] has finished in [1,047] ms
07-Oct-2021 20:01:47.699 INFORMAÇÕES [localhost-startStop-1] org.apache.catalina.startup.HostConfig.deployDescriptor Deploying deployment descriptor [/home/rafael/NetBeansProjects/apache-tomcat-8.5.70/conf/Catalina/localhost/JavaAvancado.xml]
07-Oct-2021 20:01:47.757 INFORMAÇÕES [localhost-startStop-1] org.apache.catalina.startup.HostConfig.deployDescriptor Deployment of deployment descriptor [/home/rafael/NetBeansProjects/apache-tomcat-8.5.70/conf/Catalina/localhost/JavaAvancado.xml] has finished in [58] ms
07-Oct-2021 20:01:47.758 INFORMAÇÕES [localhost-startStop-1] org.apache.catalina.startup.HostConfig.deployDirectory Deploying web application directory [/home/rafael/NetBeansProjects/apache-tomcat-8.5.70/webapps/host-manager]
07-Oct-2021 20:01:47.822 INFORMAÇÕES [localhost-startStop-1] org.apache.catalina.startup.HostConfig.deployDirectory Deployment of web application directory [/home/rafael/NetBeansProjects/apache-tomcat-8.5.70/webapps/host-manager] has finished in [64] ms
07-Oct-2021 20:01:47.823 INFORMAÇÕES [localhost-startStop-1] org.apache.catalina.startup.HostConfig.deployDirectory Deploying web application directory [/home/rafael/NetBeansProjects/apache-tomcat-8.5.70/webapps/manager]
07-Oct-2021 20:01:47.855 INFORMAÇÕES [localhost-startStop-1] org.apache.catalina.startup.HostConfig.deployDirectory Deployment of web application directory [/home/rafael/NetBeansProjects/apache-tomcat-8.5.70/webapps/manager] has finished in [31] ms
07-Oct-2021 20:01:47.855 INFORMAÇÕES [localhost-startStop-1] org.apache.catalina.startup.HostConfig.deployDirectory Deploying web application directory [/home/rafael/NetBeansProjects/apache-tomcat-8.5.70/webapps/ROOT]
07-Oct-2021 20:01:47.910 INFORMAÇÕES [localhost-startStop-1] org.apache.catalina.startup.HostConfig.deployDirectory Deployment of web application directory [/home/rafael/NetBeansProjects/apache-tomcat-8.5.70/webapps/ROOT] has finished in [55] ms
07-Oct-2021 20:01:47.911 INFORMAÇÕES [localhost-startStop-1] org.apache.catalina.startup.HostConfig.deployDirectory Deploying web application directory [/home/rafael/NetBeansProjects/apache-tomcat-8.5.70/webapps/examples]
07-Oct-2021 20:01:48.539 INFORMAÇÕES [localhost-startStop-1] org.apache.catalina.startup.HostConfig.deployDirectory Deployment of web application directory [/home/rafael/NetBeansProjects/apache-tomcat-8.5.70/webapps/examples] has finished in [627] ms
07-Oct-2021 20:01:48.539 INFORMAÇÕES [localhost-startStop-1] org.apache.catalina.startup.HostConfig.deployDirectory Deploying web application directory [/home/rafael/NetBeansProjects/apache-tomcat-8.5.70/webapps/docs]
07-Oct-2021 20:01:48.595 INFORMAÇÕES [localhost-startStop-1] org.apache.catalina.startup.HostConfig.deployDirectory Deployment of web application directory [/home/rafael/NetBeansProjects/apache-tomcat-8.5.70/webapps/docs] has finished in [56] ms
07-Oct-2021 20:01:48.629 INFORMAÇÕES [main] org.apache.coyote.AbstractProtocol.start Starting ProtocolHandler ["http-nio-8080"]
07-Oct-2021 20:01:48.658 INFORMAÇÕES [main] org.apache.catalina.startup.Catalina.start Server startup in 2375 ms
07-Oct-2021 20:23:26.941 INFORMAÇÕES [main] org.apache.catalina.core.StandardServer.await A valid shutdown command was received via the shutdown port. Stopping the Server instance.
07-Oct-2021 20:23:26.941 INFORMAÇÕES [main] org.apache.coyote.AbstractProtocol.pause Pausing ProtocolHandler ["http-nio-8080"]
07-Oct-2021 20:23:26.950 INFORMAÇÕES [main] org.apache.catalina.core.StandardService.stopInternal Stopping service [Catalina]
07-Oct-2021 20:23:27.137 INFORMAÇÕES [main] org.apache.coyote.AbstractProtocol.stop Stopping ProtocolHandler ["http-nio-8080"]
07-Oct-2021 20:23:27.144 INFORMAÇÕES [main] org.apache.coyote.AbstractProtocol.destroy Destroying ProtocolHandler ["http-nio-8080"]
07-Oct-2021 20:23:36.926 INFORMAÇÕES [main] org.apache.catalina.startup.VersionLoggerListener.log Server version name:   Apache Tomcat/8.5.70
07-Oct-2021 20:23:36.930 INFORMAÇÕES [main] org.apache.catalina.startup.VersionLoggerListener.log Server built:          Aug 9 2021 16:17:14 UTC
07-Oct-2021 20:23:36.930 INFORMAÇÕES [main] org.apache.catalina.startup.VersionLoggerListener.log Server version number: 8.5.70.0
07-Oct-2021 20:23:36.930 INFORMAÇÕES [main] org.apache.catalina.startup.VersionLoggerListener.log OS Name:               Linux
07-Oct-2021 20:23:36.931 INFORMAÇÕES [main] org.apache.catalina.startup.VersionLoggerListener.log OS Version:            5.11.0-37-generic
07-Oct-2021 20:23:36.931 INFORMAÇÕES [main] org.apache.catalina.startup.VersionLoggerListener.log Architecture:          amd64
07-Oct-2021 20:23:36.931 INFORMAÇÕES [main] org.apache.catalina.startup.VersionLoggerListener.log Java Home:             /usr/local/jdk1.8.0_111/jre
07-Oct-2021 20:23:36.931 INFORMAÇÕES [main] org.apache.catalina.startup.VersionLoggerListener.log JVM Version:           1.8.0_111-b14
07-Oct-2021 20:23:36.931 INFORMAÇÕES [main] org.apache.catalina.startup.VersionLoggerListener.log JVM Vendor:            Oracle Corporation
07-Oct-2021 20:23:36.932 INFORMAÇÕES [main] org.apache.catalina.startup.VersionLoggerListener.log CATALINA_BASE:         /home/rafael/NetBeansProjects/apache-tomcat-8.5.70
07-Oct-2021 20:23:36.932 INFORMAÇÕES [main] org.apache.catalina.startup.VersionLoggerListener.log CATALINA_HOME:         /home/rafael/NetBeansProjects/apache-tomcat-8.5.70
07-Oct-2021 20:23:36.932 INFORMAÇÕES [main] org.apache.catalina.startup.VersionLoggerListener.log Command line argument: -Djava.util.logging.config.file=/home/rafael/NetBeansProjects/apache-tomcat-8.5.70/conf/logging.properties
07-Oct-2021 20:23:36.933 INFORMAÇÕES [main] org.apache.catalina.startup.VersionLoggerListener.log Command line argument: -Djava.util.logging.manager=org.apache.juli.ClassLoaderLogManager
07-Oct-2021 20:23:36.933 INFORMAÇÕES [main] org.apache.catalina.startup.VersionLoggerListener.log Command line argument: -Dhttp.nonProxyHosts=localhost|127.0.0.1|rafael-Aspire-E5-571
07-Oct-2021 20:23:36.933 INFORMAÇÕES [main] org.apache.catalina.startup.VersionLoggerListener.log Command line argument: -Djdk.tls.ephemeralDHKeySize=2048
07-Oct-2021 20:23:36.933 INFORMAÇÕES [main] org.apache.catalina.startup.VersionLoggerListener.log Command line argument: -Djava.protocol.handler.pkgs=org.apache.catalina.webresources
07-Oct-2021 20:23:36.933 INFORMAÇÕES [main] org.apache.catalina.startup.VersionLoggerListener.log Command line argument: -Dorg.apache.catalina.security.SecurityListener.UMASK=0027
07-Oct-2021 20:23:36.934 INFORMAÇÕES [main] org.apache.catalina.startup.VersionLoggerListener.log Command line argument: -Dignore.endorsed.dirs=
07-Oct-2021 20:23:36.934 INFORMAÇÕES [main] org.apache.catalina.startup.VersionLoggerListener.log Command line argument: -Dcatalina.base=/home/rafael/NetBeansProjects/apache-tomcat-8.5.70
07-Oct-2021 20:23:36.934 INFORMAÇÕES [main] org.apache.catalina.startup.VersionLoggerListener.log Command line argument: -Dcatalina.home=/home/rafael/NetBeansProjects/apache-tomcat-8.5.70
07-Oct-2021 20:23:36.934 INFORMAÇÕES [main] org.apache.catalina.startup.VersionLoggerListener.log Command line argument: -Djava.io.tmpdir=/home/rafael/NetBeansProjects/apache-tomcat-8.5.70/temp
07-Oct-2021 20:23:36.934 INFORMAÇÕES [main] org.apache.catalina.core.AprLifecycleListener.lifecycleEvent The Apache Tomcat Native library which allows using OpenSSL was not found on the java.library.path: [/usr/local/jdk1.8.0_111/jre/lib/amd64:/usr/local/jdk1.8.0_111/jre/lib/i386::/usr/java/packages/lib/amd64:/usr/lib64:/lib64:/lib:/usr/lib]
07-Oct-2021 20:23:37.173 INFORMAÇÕES [main] org.apache.coyote.AbstractProtocol.init Initializing ProtocolHandler ["http-nio-8080"]
07-Oct-2021 20:23:37.201 INFORMAÇÕES [main] org.apache.tomcat.util.net.NioSelectorPool.getSharedSelector Using a shared selector for servlet write/read
07-Oct-2021 20:23:37.227 INFORMAÇÕES [main] org.apache.catalina.startup.Catalina.load Initialization processed in 1082 ms
07-Oct-2021 20:23:37.287 INFORMAÇÕES [main] org.apache.catalina.core.StandardService.startInternal Starting service [Catalina]
07-Oct-2021 20:23:37.288 INFORMAÇÕES [main] org.apache.catalina.core.StandardEngine.startInternal Starting Servlet engine: [Apache Tomcat/8.5.70]
07-Oct-2021 20:23:37.306 INFORMAÇÕES [localhost-startStop-1] org.apache.catalina.startup.HostConfig.deployDescriptor Deploying deployment descriptor [/home/rafael/NetBeansProjects/apache-tomcat-8.5.70/conf/Catalina/localhost/ProjetoBiblioteca.xml]
07-Oct-2021 20:23:37.736 INFORMAÇÕES [localhost-startStop-1] org.apache.jasper.servlet.TldScanner.scanJars At least one JAR was scanned for TLDs yet contained no TLDs. Enable debug logging for this logger for a complete list of JARs that were scanned but no TLDs were found in them. Skipping unneeded JARs during scanning can improve startup time and JSP compilation time.
07-Oct-2021 20:23:37.841 INFORMAÇÕES [localhost-startStop-1] org.apache.catalina.startup.HostConfig.deployDescriptor Deployment of deployment descriptor [/home/rafael/NetBeansProjects/apache-tomcat-8.5.70/conf/Catalina/localhost/ProjetoBiblioteca.xml] has finished in [534] ms
07-Oct-2021 20:23:37.842 INFORMAÇÕES [localhost-startStop-1] org.apache.catalina.startup.HostConfig.deployDescriptor Deploying deployment descriptor [/home/rafael/NetBeansProjects/apache-tomcat-8.5.70/conf/Catalina/localhost/JavaAvancado.xml]
07-Oct-2021 20:23:37.995 INFORMAÇÕES [localhost-startStop-1] org.apache.catalina.startup.HostConfig.deployDescriptor Deployment of deployment descriptor [/home/rafael/NetBeansProjects/apache-tomcat-8.5.70/conf/Catalina/localhost/JavaAvancado.xml] has finished in [152] ms
07-Oct-2021 20:23:37.996 INFORMAÇÕES [localhost-startStop-1] org.apache.catalina.startup.HostConfig.deployDirectory Deploying web application directory [/home/rafael/NetBeansProjects/apache-tomcat-8.5.70/webapps/host-manager]
07-Oct-2021 20:23:38.055 INFORMAÇÕES [localhost-startStop-1] org.apache.catalina.startup.HostConfig.deployDirectory Deployment of web application directory [/home/rafael/NetBeansProjects/apache-tomcat-8.5.70/webapps/host-manager] has finished in [59] ms
07-Oct-2021 20:23:38.055 INFORMAÇÕES [localhost-startStop-1] org.apache.catalina.startup.HostConfig.deployDirectory Deploying web application directory [/home/rafael/NetBeansProjects/apache-tomcat-8.5.70/webapps/manager]
07-Oct-2021 20:23:38.094 INFORMAÇÕES [localhost-startStop-1] org.apache.catalina.startup.HostConfig.deployDirectory Deployment of web application directory [/home/rafael/NetBeansProjects/apache-tomcat-8.5.70/webapps/manager] has finished in [39] ms
07-Oct-2021 20:23:38.095 INFORMAÇÕES [localhost-startStop-1] org.apache.catalina.startup.HostConfig.deployDirectory Deploying web application directory [/home/rafael/NetBeansProjects/apache-tomcat-8.5.70/webapps/ROOT]
07-Oct-2021 20:23:38.120 INFORMAÇÕES [localhost-startStop-1] org.apache.catalina.startup.HostConfig.deployDirectory Deployment of web application directory [/home/rafael/NetBeansProjects/apache-tomcat-8.5.70/webapps/ROOT] has finished in [24] ms
07-Oct-2021 20:23:38.120 INFORMAÇÕES [localhost-startStop-1] org.apache.catalina.startup.HostConfig.deployDirectory Deploying web application directory [/home/rafael/NetBeansProjects/apache-tomcat-8.5.70/webapps/examples]
07-Oct-2021 20:23:38.507 INFORMAÇÕES [localhost-startStop-1] org.apache.catalina.startup.HostConfig.deployDirectory Deployment of web application directory [/home/rafael/NetBeansProjects/apache-tomcat-8.5.70/webapps/examples] has finished in [387] ms
07-Oct-2021 20:23:38.508 INFORMAÇÕES [localhost-startStop-1] org.apache.catalina.startup.HostConfig.deployDirectory Deploying web application directory [/home/rafael/NetBeansProjects/apache-tomcat-8.5.70/webapps/docs]
07-Oct-2021 20:23:38.530 INFORMAÇÕES [localhost-startStop-1] org.apache.catalina.startup.HostConfig.deployDirectory Deployment of web application directory [/home/rafael/NetBeansProjects/apache-tomcat-8.5.70/webapps/docs] has finished in [22] ms
07-Oct-2021 20:23:38.537 INFORMAÇÕES [main] org.apache.coyote.AbstractProtocol.start Starting ProtocolHandler ["http-nio-8080"]
07-Oct-2021 20:23:38.554 INFORMAÇÕES [main] org.apache.catalina.startup.Catalina.start Server startup in 1327 ms
07-Oct-2021 20:23:39.523 INFORMAÇÕES [http-nio-8080-exec-7] org.apache.catalina.startup.HostConfig.undeploy Undeploying context [/JavaAvancado]
07-Oct-2021 20:23:39.539 INFORMAÇÕES [http-nio-8080-exec-8] org.apache.catalina.startup.HostConfig.deployDescriptor Deploying deployment descriptor [/home/rafael/NetBeansProjects/apache-tomcat-8.5.70/conf/Catalina/localhost/JavaAvancado.xml]
07-Oct-2021 20:23:39.569 INFORMAÇÕES [http-nio-8080-exec-8] org.apache.catalina.startup.HostConfig.deployDescriptor Deployment of deployment descriptor [/home/rafael/NetBeansProjects/apache-tomcat-8.5.70/conf/Catalina/localhost/JavaAvancado.xml] has finished in [31] ms
07-Oct-2021 20:30:37.877 INFORMAÇÕES [http-nio-8080-exec-11] org.apache.catalina.startup.HostConfig.undeploy Undeploying context [/JavaAvancado]
07-Oct-2021 20:30:41.519 INFORMAÇÕES [http-nio-8080-exec-16] org.apache.catalina.startup.HostConfig.deployDescriptor Deploying deployment descriptor [/home/rafael/NetBeansProjects/apache-tomcat-8.5.70/conf/Catalina/localhost/JavaAvancado.xml]
07-Oct-2021 20:30:41.545 INFORMAÇÕES [http-nio-8080-exec-16] org.apache.catalina.startup.HostConfig.deployDescriptor Deployment of deployment descriptor [/home/rafael/NetBeansProjects/apache-tomcat-8.5.70/conf/Catalina/localhost/JavaAvancado.xml] has finished in [26] ms
07-Oct-2021 20:30:41.549 INFORMAÇÕES [http-nio-8080-exec-20] org.apache.catalina.util.LifecycleBase.start The start() method was called on component [StandardEngine[Catalina].StandardHost[localhost].StandardContext[/JavaAvancado]] after start() had already been called. The second call will be ignored.
07-Oct-2021 21:39:57.776 INFORMAÇÕES [http-nio-8080-exec-27] org.apache.catalina.startup.HostConfig.undeploy Undeploying context [/JavaAvancado]
07-Oct-2021 21:40:04.453 INFORMAÇÕES [http-nio-8080-exec-31] org.apache.catalina.startup.HostConfig.deployDescriptor Deploying deployment descriptor [/home/rafael/NetBeansProjects/apache-tomcat-8.5.70/conf/Catalina/localhost/JavaAvancado.xml]
07-Oct-2021 21:40:04.472 INFORMAÇÕES [http-nio-8080-exec-31] org.apache.catalina.startup.HostConfig.deployDescriptor Deployment of deployment descriptor [/home/rafael/NetBeansProjects/apache-tomcat-8.5.70/conf/Catalina/localhost/JavaAvancado.xml] has finished in [19] ms
07-Oct-2021 21:40:04.475 INFORMAÇÕES [http-nio-8080-exec-32] org.apache.catalina.util.LifecycleBase.start The start() method was called on component [StandardEngine[Catalina].StandardHost[localhost].StandardContext[/JavaAvancado]] after start() had already been called. The second call will be ignored.
07-Oct-2021 22:42:41.785 INFORMAÇÕES [Thread-4] org.apache.coyote.AbstractProtocol.pause Pausing ProtocolHandler ["http-nio-8080"]
07-Oct-2021 22:42:41.794 INFORMAÇÕES [Thread-4] org.apache.catalina.core.StandardService.stopInternal Stopping service [Catalina]
07-Oct-2021 22:42:41.841 INFORMAÇÕES [Thread-4] org.apache.coyote.AbstractProtocol.stop Stopping ProtocolHandler ["http-nio-8080"]
07-Oct-2021 22:42:41.845 INFORMAÇÕES [Thread-4] org.apache.coyote.AbstractProtocol.destroy Destroying ProtocolHandler ["http-nio-8080"]
