04-Oct-2021 21:59:58.767 INFORMAÇÕES [main] org.apache.catalina.startup.VersionLoggerListener.log Server version name:   Apache Tomcat/8.5.70
04-Oct-2021 21:59:58.777 INFORMAÇÕES [main] org.apache.catalina.startup.VersionLoggerListener.log Server built:          Aug 9 2021 16:17:14 UTC
04-Oct-2021 21:59:58.778 INFORMAÇÕES [main] org.apache.catalina.startup.VersionLoggerListener.log Server version number: 8.5.70.0
04-Oct-2021 21:59:58.778 INFORMAÇÕES [main] org.apache.catalina.startup.VersionLoggerListener.log OS Name:               Linux
04-Oct-2021 21:59:58.786 INFORMAÇÕES [main] org.apache.catalina.startup.VersionLoggerListener.log OS Version:            5.11.0-37-generic
04-Oct-2021 21:59:58.786 INFORMAÇÕES [main] org.apache.catalina.startup.VersionLoggerListener.log Architecture:          amd64
04-Oct-2021 21:59:58.787 INFORMAÇÕES [main] org.apache.catalina.startup.VersionLoggerListener.log Java Home:             /usr/local/jdk1.8.0_111/jre
04-Oct-2021 21:59:58.787 INFORMAÇÕES [main] org.apache.catalina.startup.VersionLoggerListener.log JVM Version:           1.8.0_111-b14
04-Oct-2021 21:59:58.788 INFORMAÇÕES [main] org.apache.catalina.startup.VersionLoggerListener.log JVM Vendor:            Oracle Corporation
04-Oct-2021 21:59:58.788 INFORMAÇÕES [main] org.apache.catalina.startup.VersionLoggerListener.log CATALINA_BASE:         /home/rafael/NetBeansProjects/apache-tomcat-8.5.70
04-Oct-2021 21:59:58.789 INFORMAÇÕES [main] org.apache.catalina.startup.VersionLoggerListener.log CATALINA_HOME:         /home/rafael/NetBeansProjects/apache-tomcat-8.5.70
04-Oct-2021 21:59:58.790 INFORMAÇÕES [main] org.apache.catalina.startup.VersionLoggerListener.log Command line argument: -Djava.util.logging.config.file=/home/rafael/NetBeansProjects/apache-tomcat-8.5.70/conf/logging.properties
04-Oct-2021 21:59:58.791 INFORMAÇÕES [main] org.apache.catalina.startup.VersionLoggerListener.log Command line argument: -Djava.util.logging.manager=org.apache.juli.ClassLoaderLogManager
04-Oct-2021 21:59:58.792 INFORMAÇÕES [main] org.apache.catalina.startup.VersionLoggerListener.log Command line argument: -Dhttp.nonProxyHosts=localhost|127.0.0.1|rafael-Aspire-E5-571
04-Oct-2021 21:59:58.793 INFORMAÇÕES [main] org.apache.catalina.startup.VersionLoggerListener.log Command line argument: -Djdk.tls.ephemeralDHKeySize=2048
04-Oct-2021 21:59:58.799 INFORMAÇÕES [main] org.apache.catalina.startup.VersionLoggerListener.log Command line argument: -Djava.protocol.handler.pkgs=org.apache.catalina.webresources
04-Oct-2021 21:59:58.800 INFORMAÇÕES [main] org.apache.catalina.startup.VersionLoggerListener.log Command line argument: -Dorg.apache.catalina.security.SecurityListener.UMASK=0027
04-Oct-2021 21:59:58.800 INFORMAÇÕES [main] org.apache.catalina.startup.VersionLoggerListener.log Command line argument: -Dignore.endorsed.dirs=
04-Oct-2021 21:59:58.802 INFORMAÇÕES [main] org.apache.catalina.startup.VersionLoggerListener.log Command line argument: -Dcatalina.base=/home/rafael/NetBeansProjects/apache-tomcat-8.5.70
04-Oct-2021 21:59:58.802 INFORMAÇÕES [main] org.apache.catalina.startup.VersionLoggerListener.log Command line argument: -Dcatalina.home=/home/rafael/NetBeansProjects/apache-tomcat-8.5.70
04-Oct-2021 21:59:58.802 INFORMAÇÕES [main] org.apache.catalina.startup.VersionLoggerListener.log Command line argument: -Djava.io.tmpdir=/home/rafael/NetBeansProjects/apache-tomcat-8.5.70/temp
04-Oct-2021 21:59:58.802 INFORMAÇÕES [main] org.apache.catalina.core.AprLifecycleListener.lifecycleEvent The Apache Tomcat Native library which allows using OpenSSL was not found on the java.library.path: [/usr/local/jdk1.8.0_111/jre/lib/amd64:/usr/local/jdk1.8.0_111/jre/lib/i386::/usr/java/packages/lib/amd64:/usr/lib64:/lib64:/lib:/usr/lib]
04-Oct-2021 21:59:59.673 INFORMAÇÕES [main] org.apache.coyote.AbstractProtocol.init Initializing ProtocolHandler ["http-nio-8080"]
04-Oct-2021 21:59:59.754 INFORMAÇÕES [main] org.apache.tomcat.util.net.NioSelectorPool.getSharedSelector Using a shared selector for servlet write/read
04-Oct-2021 21:59:59.847 INFORMAÇÕES [main] org.apache.catalina.startup.Catalina.load Initialization processed in 3256 ms
04-Oct-2021 22:00:00.056 INFORMAÇÕES [main] org.apache.catalina.core.StandardService.startInternal Starting service [Catalina]
04-Oct-2021 22:00:00.057 INFORMAÇÕES [main] org.apache.catalina.core.StandardEngine.startInternal Starting Servlet engine: [Apache Tomcat/8.5.70]
04-Oct-2021 22:00:00.113 INFORMAÇÕES [localhost-startStop-1] org.apache.catalina.startup.HostConfig.deployDescriptor Deploying deployment descriptor [/home/rafael/NetBeansProjects/apache-tomcat-8.5.70/conf/Catalina/localhost/JavaAvancado.xml]
04-Oct-2021 22:00:01.051 INFORMAÇÕES [localhost-startStop-1] org.apache.catalina.startup.HostConfig.deployDescriptor Deployment of deployment descriptor [/home/rafael/NetBeansProjects/apache-tomcat-8.5.70/conf/Catalina/localhost/JavaAvancado.xml] has finished in [936] ms
04-Oct-2021 22:00:01.052 INFORMAÇÕES [localhost-startStop-1] org.apache.catalina.startup.HostConfig.deployDirectory Deploying web application directory [/home/rafael/NetBeansProjects/apache-tomcat-8.5.70/webapps/host-manager]
04-Oct-2021 22:00:01.214 INFORMAÇÕES [localhost-startStop-1] org.apache.catalina.startup.HostConfig.deployDirectory Deployment of web application directory [/home/rafael/NetBeansProjects/apache-tomcat-8.5.70/webapps/host-manager] has finished in [161] ms
04-Oct-2021 22:00:01.214 INFORMAÇÕES [localhost-startStop-1] org.apache.catalina.startup.HostConfig.deployDirectory Deploying web application directory [/home/rafael/NetBeansProjects/apache-tomcat-8.5.70/webapps/manager]
04-Oct-2021 22:00:01.283 INFORMAÇÕES [localhost-startStop-1] org.apache.catalina.startup.HostConfig.deployDirectory Deployment of web application directory [/home/rafael/NetBeansProjects/apache-tomcat-8.5.70/webapps/manager] has finished in [69] ms
04-Oct-2021 22:00:01.284 INFORMAÇÕES [localhost-startStop-1] org.apache.catalina.startup.HostConfig.deployDirectory Deploying web application directory [/home/rafael/NetBeansProjects/apache-tomcat-8.5.70/webapps/ROOT]
04-Oct-2021 22:00:01.336 INFORMAÇÕES [localhost-startStop-1] org.apache.catalina.startup.HostConfig.deployDirectory Deployment of web application directory [/home/rafael/NetBeansProjects/apache-tomcat-8.5.70/webapps/ROOT] has finished in [51] ms
04-Oct-2021 22:00:01.336 INFORMAÇÕES [localhost-startStop-1] org.apache.catalina.startup.HostConfig.deployDirectory Deploying web application directory [/home/rafael/NetBeansProjects/apache-tomcat-8.5.70/webapps/examples]
04-Oct-2021 22:00:02.009 INFORMAÇÕES [localhost-startStop-1] org.apache.catalina.startup.HostConfig.deployDirectory Deployment of web application directory [/home/rafael/NetBeansProjects/apache-tomcat-8.5.70/webapps/examples] has finished in [673] ms
04-Oct-2021 22:00:02.010 INFORMAÇÕES [localhost-startStop-1] org.apache.catalina.startup.HostConfig.deployDirectory Deploying web application directory [/home/rafael/NetBeansProjects/apache-tomcat-8.5.70/webapps/docs]
04-Oct-2021 22:00:02.104 INFORMAÇÕES [localhost-startStop-1] org.apache.catalina.startup.HostConfig.deployDirectory Deployment of web application directory [/home/rafael/NetBeansProjects/apache-tomcat-8.5.70/webapps/docs] has finished in [94] ms
04-Oct-2021 22:00:02.113 INFORMAÇÕES [main] org.apache.coyote.AbstractProtocol.start Starting ProtocolHandler ["http-nio-8080"]
04-Oct-2021 22:00:02.129 INFORMAÇÕES [main] org.apache.catalina.startup.Catalina.start Server startup in 2281 ms
04-Oct-2021 22:04:34.245 INFORMAÇÕES [main] org.apache.catalina.core.StandardServer.await A valid shutdown command was received via the shutdown port. Stopping the Server instance.
04-Oct-2021 22:04:34.246 INFORMAÇÕES [main] org.apache.coyote.AbstractProtocol.pause Pausing ProtocolHandler ["http-nio-8080"]
04-Oct-2021 22:04:34.251 INFORMAÇÕES [main] org.apache.catalina.core.StandardService.stopInternal Stopping service [Catalina]
04-Oct-2021 22:04:34.458 INFORMAÇÕES [main] org.apache.coyote.AbstractProtocol.stop Stopping ProtocolHandler ["http-nio-8080"]
04-Oct-2021 22:04:34.469 INFORMAÇÕES [main] org.apache.coyote.AbstractProtocol.destroy Destroying ProtocolHandler ["http-nio-8080"]
