21-Oct-2021 21:52:36.434 INFORMAÇÕES [main] org.apache.catalina.startup.VersionLoggerListener.log Server version name:   Apache Tomcat/8.5.70
21-Oct-2021 21:52:36.439 INFORMAÇÕES [main] org.apache.catalina.startup.VersionLoggerListener.log Server built:          Aug 9 2021 16:17:14 UTC
21-Oct-2021 21:52:36.439 INFORMAÇÕES [main] org.apache.catalina.startup.VersionLoggerListener.log Server version number: 8.5.70.0
21-Oct-2021 21:52:36.439 INFORMAÇÕES [main] org.apache.catalina.startup.VersionLoggerListener.log OS Name:               Linux
21-Oct-2021 21:52:36.439 INFORMAÇÕES [main] org.apache.catalina.startup.VersionLoggerListener.log OS Version:            5.11.0-38-generic
21-Oct-2021 21:52:36.440 INFORMAÇÕES [main] org.apache.catalina.startup.VersionLoggerListener.log Architecture:          amd64
21-Oct-2021 21:52:36.440 INFORMAÇÕES [main] org.apache.catalina.startup.VersionLoggerListener.log Java Home:             /usr/local/jdk1.8.0_111/jre
21-Oct-2021 21:52:36.440 INFORMAÇÕES [main] org.apache.catalina.startup.VersionLoggerListener.log JVM Version:           1.8.0_111-b14
21-Oct-2021 21:52:36.440 INFORMAÇÕES [main] org.apache.catalina.startup.VersionLoggerListener.log JVM Vendor:            Oracle Corporation
21-Oct-2021 21:52:36.440 INFORMAÇÕES [main] org.apache.catalina.startup.VersionLoggerListener.log CATALINA_BASE:         /home/rafael/NetBeansProjects/apache-tomcat-8.5.70
21-Oct-2021 21:52:36.441 INFORMAÇÕES [main] org.apache.catalina.startup.VersionLoggerListener.log CATALINA_HOME:         /home/rafael/NetBeansProjects/apache-tomcat-8.5.70
21-Oct-2021 21:52:36.441 INFORMAÇÕES [main] org.apache.catalina.startup.VersionLoggerListener.log Command line argument: -Djava.util.logging.config.file=/home/rafael/NetBeansProjects/apache-tomcat-8.5.70/conf/logging.properties
21-Oct-2021 21:52:36.441 INFORMAÇÕES [main] org.apache.catalina.startup.VersionLoggerListener.log Command line argument: -Djava.util.logging.manager=org.apache.juli.ClassLoaderLogManager
21-Oct-2021 21:52:36.442 INFORMAÇÕES [main] org.apache.catalina.startup.VersionLoggerListener.log Command line argument: -Dhttp.nonProxyHosts=localhost|127.0.0.1|rafael-Aspire-E5-571
21-Oct-2021 21:52:36.442 INFORMAÇÕES [main] org.apache.catalina.startup.VersionLoggerListener.log Command line argument: -Djdk.tls.ephemeralDHKeySize=2048
21-Oct-2021 21:52:36.442 INFORMAÇÕES [main] org.apache.catalina.startup.VersionLoggerListener.log Command line argument: -Djava.protocol.handler.pkgs=org.apache.catalina.webresources
21-Oct-2021 21:52:36.442 INFORMAÇÕES [main] org.apache.catalina.startup.VersionLoggerListener.log Command line argument: -Dorg.apache.catalina.security.SecurityListener.UMASK=0027
21-Oct-2021 21:52:36.445 INFORMAÇÕES [main] org.apache.catalina.startup.VersionLoggerListener.log Command line argument: -Dignore.endorsed.dirs=
21-Oct-2021 21:52:36.445 INFORMAÇÕES [main] org.apache.catalina.startup.VersionLoggerListener.log Command line argument: -Dcatalina.base=/home/rafael/NetBeansProjects/apache-tomcat-8.5.70
21-Oct-2021 21:52:36.445 INFORMAÇÕES [main] org.apache.catalina.startup.VersionLoggerListener.log Command line argument: -Dcatalina.home=/home/rafael/NetBeansProjects/apache-tomcat-8.5.70
21-Oct-2021 21:52:36.445 INFORMAÇÕES [main] org.apache.catalina.startup.VersionLoggerListener.log Command line argument: -Djava.io.tmpdir=/home/rafael/NetBeansProjects/apache-tomcat-8.5.70/temp
21-Oct-2021 21:52:36.446 INFORMAÇÕES [main] org.apache.catalina.core.AprLifecycleListener.lifecycleEvent The Apache Tomcat Native library which allows using OpenSSL was not found on the java.library.path: [/usr/local/jdk1.8.0_111/jre/lib/amd64:/usr/local/jdk1.8.0_111/jre/lib/i386::/usr/java/packages/lib/amd64:/usr/lib64:/lib64:/lib:/usr/lib]
21-Oct-2021 21:52:37.056 INFORMAÇÕES [main] org.apache.coyote.AbstractProtocol.init Initializing ProtocolHandler ["http-nio-8080"]
21-Oct-2021 21:52:37.188 INFORMAÇÕES [main] org.apache.tomcat.util.net.NioSelectorPool.getSharedSelector Using a shared selector for servlet write/read
21-Oct-2021 21:52:37.255 INFORMAÇÕES [main] org.apache.catalina.startup.Catalina.load Initialization processed in 3174 ms
21-Oct-2021 21:52:37.470 INFORMAÇÕES [main] org.apache.catalina.core.StandardService.startInternal Starting service [Catalina]
21-Oct-2021 21:52:37.470 INFORMAÇÕES [main] org.apache.catalina.core.StandardEngine.startInternal Starting Servlet engine: [Apache Tomcat/8.5.70]
21-Oct-2021 21:52:37.540 INFORMAÇÕES [localhost-startStop-1] org.apache.catalina.startup.HostConfig.deployDescriptor Deploying deployment descriptor [/home/rafael/NetBeansProjects/apache-tomcat-8.5.70/conf/Catalina/localhost/ProjetoWEB.xml]
21-Oct-2021 21:52:38.798 INFORMAÇÕES [localhost-startStop-1] org.apache.catalina.startup.HostConfig.deployDescriptor Deployment of deployment descriptor [/home/rafael/NetBeansProjects/apache-tomcat-8.5.70/conf/Catalina/localhost/ProjetoWEB.xml] has finished in [1,257] ms
21-Oct-2021 21:52:38.799 INFORMAÇÕES [localhost-startStop-1] org.apache.catalina.startup.HostConfig.deployDescriptor Deploying deployment descriptor [/home/rafael/NetBeansProjects/apache-tomcat-8.5.70/conf/Catalina/localhost/ProjetoBiblioteca.xml]
21-Oct-2021 21:52:38.901 INFORMAÇÕES [localhost-startStop-1] org.apache.jasper.servlet.TldScanner.scanJars At least one JAR was scanned for TLDs yet contained no TLDs. Enable debug logging for this logger for a complete list of JARs that were scanned but no TLDs were found in them. Skipping unneeded JARs during scanning can improve startup time and JSP compilation time.
21-Oct-2021 21:52:38.913 INFORMAÇÕES [localhost-startStop-1] org.apache.catalina.startup.HostConfig.deployDescriptor Deployment of deployment descriptor [/home/rafael/NetBeansProjects/apache-tomcat-8.5.70/conf/Catalina/localhost/ProjetoBiblioteca.xml] has finished in [114] ms
21-Oct-2021 21:52:38.913 INFORMAÇÕES [localhost-startStop-1] org.apache.catalina.startup.HostConfig.deployDescriptor Deploying deployment descriptor [/home/rafael/NetBeansProjects/apache-tomcat-8.5.70/conf/Catalina/localhost/JavaAvancadoDefinitivo.xml]
21-Oct-2021 21:52:38.984 INFORMAÇÕES [localhost-startStop-1] org.apache.catalina.startup.HostConfig.deployDescriptor Deployment of deployment descriptor [/home/rafael/NetBeansProjects/apache-tomcat-8.5.70/conf/Catalina/localhost/JavaAvancadoDefinitivo.xml] has finished in [71] ms
21-Oct-2021 21:52:38.985 INFORMAÇÕES [localhost-startStop-1] org.apache.catalina.startup.HostConfig.deployDescriptor Deploying deployment descriptor [/home/rafael/NetBeansProjects/apache-tomcat-8.5.70/conf/Catalina/localhost/JavaAvancado.xml]
21-Oct-2021 21:52:39.039 INFORMAÇÕES [localhost-startStop-1] org.apache.catalina.startup.HostConfig.deployDescriptor Deployment of deployment descriptor [/home/rafael/NetBeansProjects/apache-tomcat-8.5.70/conf/Catalina/localhost/JavaAvancado.xml] has finished in [54] ms
21-Oct-2021 21:52:39.042 INFORMAÇÕES [localhost-startStop-1] org.apache.catalina.startup.HostConfig.deployDirectory Deploying web application directory [/home/rafael/NetBeansProjects/apache-tomcat-8.5.70/webapps/host-manager]
21-Oct-2021 21:52:39.140 INFORMAÇÕES [localhost-startStop-1] org.apache.catalina.startup.HostConfig.deployDirectory Deployment of web application directory [/home/rafael/NetBeansProjects/apache-tomcat-8.5.70/webapps/host-manager] has finished in [99] ms
21-Oct-2021 21:52:39.141 INFORMAÇÕES [localhost-startStop-1] org.apache.catalina.startup.HostConfig.deployDirectory Deploying web application directory [/home/rafael/NetBeansProjects/apache-tomcat-8.5.70/webapps/manager]
21-Oct-2021 21:52:39.223 INFORMAÇÕES [localhost-startStop-1] org.apache.catalina.startup.HostConfig.deployDirectory Deployment of web application directory [/home/rafael/NetBeansProjects/apache-tomcat-8.5.70/webapps/manager] has finished in [81] ms
21-Oct-2021 21:52:39.223 INFORMAÇÕES [localhost-startStop-1] org.apache.catalina.startup.HostConfig.deployDirectory Deploying web application directory [/home/rafael/NetBeansProjects/apache-tomcat-8.5.70/webapps/ROOT]
21-Oct-2021 21:52:39.271 INFORMAÇÕES [localhost-startStop-1] org.apache.catalina.startup.HostConfig.deployDirectory Deployment of web application directory [/home/rafael/NetBeansProjects/apache-tomcat-8.5.70/webapps/ROOT] has finished in [48] ms
21-Oct-2021 21:52:39.272 INFORMAÇÕES [localhost-startStop-1] org.apache.catalina.startup.HostConfig.deployDirectory Deploying web application directory [/home/rafael/NetBeansProjects/apache-tomcat-8.5.70/webapps/examples]
21-Oct-2021 21:52:39.926 INFORMAÇÕES [localhost-startStop-1] org.apache.catalina.startup.HostConfig.deployDirectory Deployment of web application directory [/home/rafael/NetBeansProjects/apache-tomcat-8.5.70/webapps/examples] has finished in [654] ms
21-Oct-2021 21:52:39.926 INFORMAÇÕES [localhost-startStop-1] org.apache.catalina.startup.HostConfig.deployDirectory Deploying web application directory [/home/rafael/NetBeansProjects/apache-tomcat-8.5.70/webapps/docs]
21-Oct-2021 21:52:39.982 INFORMAÇÕES [localhost-startStop-1] org.apache.catalina.startup.HostConfig.deployDirectory Deployment of web application directory [/home/rafael/NetBeansProjects/apache-tomcat-8.5.70/webapps/docs] has finished in [56] ms
21-Oct-2021 21:52:40.001 INFORMAÇÕES [main] org.apache.coyote.AbstractProtocol.start Starting ProtocolHandler ["http-nio-8080"]
21-Oct-2021 21:52:40.059 INFORMAÇÕES [main] org.apache.catalina.startup.Catalina.start Server startup in 2802 ms
21-Oct-2021 21:52:47.682 INFORMAÇÕES [http-nio-8080-exec-1] org.apache.catalina.core.StandardContext.reload Reloading Context with name [/ProjetoWEB] has started
21-Oct-2021 21:52:47.828 INFORMAÇÕES [http-nio-8080-exec-1] org.apache.catalina.core.StandardContext.reload Reloading Context with name [/ProjetoWEB] is completed
21-Oct-2021 22:05:30.466 INFORMAÇÕES [http-nio-8080-exec-13] org.apache.catalina.core.StandardContext.reload Reloading Context with name [/ProjetoWEB] has started
21-Oct-2021 22:05:30.513 INFORMAÇÕES [http-nio-8080-exec-13] org.apache.catalina.core.StandardContext.reload Reloading Context with name [/ProjetoWEB] is completed
21-Oct-2021 22:07:10.842 INFORMAÇÕES [http-nio-8080-exec-23] org.apache.catalina.core.StandardContext.reload Reloading Context with name [/ProjetoWEB] has started
21-Oct-2021 22:07:10.886 INFORMAÇÕES [http-nio-8080-exec-23] org.apache.catalina.core.StandardContext.reload Reloading Context with name [/ProjetoWEB] is completed
21-Oct-2021 22:07:41.783 INFORMAÇÕES [http-nio-8080-exec-11] org.apache.catalina.core.StandardContext.reload Reloading Context with name [/ProjetoWEB] has started
21-Oct-2021 22:07:41.840 INFORMAÇÕES [http-nio-8080-exec-11] org.apache.catalina.core.StandardContext.reload Reloading Context with name [/ProjetoWEB] is completed
21-Oct-2021 22:07:43.304 INFORMAÇÕES [http-nio-8080-exec-14] org.apache.catalina.core.StandardContext.reload Reloading Context with name [/ProjetoWEB] has started
21-Oct-2021 22:07:43.370 INFORMAÇÕES [http-nio-8080-exec-14] org.apache.catalina.core.StandardContext.reload Reloading Context with name [/ProjetoWEB] is completed
21-Oct-2021 22:08:30.598 INFORMAÇÕES [http-nio-8080-exec-23] org.apache.catalina.core.StandardContext.reload Reloading Context with name [/ProjetoWEB] has started
21-Oct-2021 22:08:30.668 INFORMAÇÕES [http-nio-8080-exec-23] org.apache.catalina.core.StandardContext.reload Reloading Context with name [/ProjetoWEB] is completed
21-Oct-2021 22:46:38.634 INFORMAÇÕES [http-nio-8080-exec-32] org.apache.catalina.core.StandardContext.reload Reloading Context with name [/ProjetoWEB] has started
21-Oct-2021 22:46:38.675 INFORMAÇÕES [http-nio-8080-exec-32] org.apache.catalina.core.StandardContext.reload Reloading Context with name [/ProjetoWEB] is completed
21-Oct-2021 23:08:07.403 INFORMAÇÕES [http-nio-8080-exec-42] org.apache.catalina.core.StandardContext.reload Reloading Context with name [/ProjetoWEB] has started
21-Oct-2021 23:08:07.441 INFORMAÇÕES [http-nio-8080-exec-42] org.apache.catalina.core.StandardContext.reload Reloading Context with name [/ProjetoWEB] is completed
21-Oct-2021 23:16:09.107 INFORMAÇÕES [Thread-4] org.apache.coyote.AbstractProtocol.pause Pausing ProtocolHandler ["http-nio-8080"]
21-Oct-2021 23:16:09.117 INFORMAÇÕES [Thread-4] org.apache.catalina.core.StandardService.stopInternal Stopping service [Catalina]
21-Oct-2021 23:16:09.158 INFORMAÇÕES [Thread-4] org.apache.coyote.AbstractProtocol.stop Stopping ProtocolHandler ["http-nio-8080"]
21-Oct-2021 23:16:09.164 INFORMAÇÕES [Thread-4] org.apache.coyote.AbstractProtocol.destroy Destroying ProtocolHandler ["http-nio-8080"]
